\BOOKMARK [0][-]{chapter.1}{\376\377\0001\000\040\000C\000l\000a\000s\000s\000\040\000I\000n\000d\000e\000x}{}% 1
\BOOKMARK [1][-]{section.1.1}{\376\377\0001\000.\0001\000\040\000C\000l\000a\000s\000s\000\040\000L\000i\000s\000t}{chapter.1}% 2
\BOOKMARK [0][-]{chapter.2}{\376\377\0002\000\040\000F\000i\000l\000e\000\040\000I\000n\000d\000e\000x}{}% 3
\BOOKMARK [1][-]{section.2.1}{\376\377\0002\000.\0001\000\040\000F\000i\000l\000e\000\040\000L\000i\000s\000t}{chapter.2}% 4
\BOOKMARK [0][-]{chapter.3}{\376\377\0003\000\040\000C\000l\000a\000s\000s\000\040\000D\000o\000c\000u\000m\000e\000n\000t\000a\000t\000i\000o\000n}{}% 5
\BOOKMARK [1][-]{section.3.1}{\376\377\0003\000.\0001\000\040\000s\000p\000r\000i\000t\000e\000\137\000s\000\040\000S\000t\000r\000u\000c\000t\000\040\000R\000e\000f\000e\000r\000e\000n\000c\000e}{chapter.3}% 6
\BOOKMARK [2][-]{subsection.3.1.1}{\376\377\0003\000.\0001\000.\0001\000\040\000D\000e\000t\000a\000i\000l\000e\000d\000\040\000D\000e\000s\000c\000r\000i\000p\000t\000i\000o\000n}{section.3.1}% 7
\BOOKMARK [2][-]{subsection.3.1.2}{\376\377\0003\000.\0001\000.\0002\000\040\000M\000e\000m\000b\000e\000r\000\040\000D\000a\000t\000a\000\040\000D\000o\000c\000u\000m\000e\000n\000t\000a\000t\000i\000o\000n}{section.3.1}% 8
\BOOKMARK [3][-]{subsubsection.3.1.2.1}{\376\377\0003\000.\0001\000.\0002\000.\0001\000\040\000h}{subsection.3.1.2}% 9
\BOOKMARK [3][-]{subsubsection.3.1.2.2}{\376\377\0003\000.\0001\000.\0002\000.\0002\000\040\000m\000a\000k\000e\000\137\000d\000i\000s\000a\000p\000p\000e\000a\000r}{subsection.3.1.2}% 10
\BOOKMARK [3][-]{subsubsection.3.1.2.3}{\376\377\0003\000.\0001\000.\0002\000.\0003\000\040\000m\000e\000s\000s\000a\000g\000e}{subsection.3.1.2}% 11
\BOOKMARK [3][-]{subsubsection.3.1.2.4}{\376\377\0003\000.\0001\000.\0002\000.\0004\000\040\000w}{subsection.3.1.2}% 12
\BOOKMARK [3][-]{subsubsection.3.1.2.5}{\376\377\0003\000.\0001\000.\0002\000.\0005\000\040\000x}{subsection.3.1.2}% 13
\BOOKMARK [3][-]{subsubsection.3.1.2.6}{\376\377\0003\000.\0001\000.\0002\000.\0006\000\040\000y}{subsection.3.1.2}% 14
\BOOKMARK [1][-]{section.3.2}{\376\377\0003\000.\0002\000\040\000t\000e\000x\000t\000u\000r\000e\000s\000\137\000s\000\040\000S\000t\000r\000u\000c\000t\000\040\000R\000e\000f\000e\000r\000e\000n\000c\000e}{chapter.3}% 15
\BOOKMARK [2][-]{subsection.3.2.1}{\376\377\0003\000.\0002\000.\0001\000\040\000D\000e\000t\000a\000i\000l\000e\000d\000\040\000D\000e\000s\000c\000r\000i\000p\000t\000i\000o\000n}{section.3.2}% 16
\BOOKMARK [2][-]{subsection.3.2.2}{\376\377\0003\000.\0002\000.\0002\000\040\000M\000e\000m\000b\000e\000r\000\040\000D\000a\000t\000a\000\040\000D\000o\000c\000u\000m\000e\000n\000t\000a\000t\000i\000o\000n}{section.3.2}% 17
\BOOKMARK [3][-]{subsubsection.3.2.2.1}{\376\377\0003\000.\0002\000.\0002\000.\0001\000\040\000b\000a\000c\000k\000g\000r\000o\000u\000n\000d}{subsection.3.2.2}% 18
\BOOKMARK [3][-]{subsubsection.3.2.2.2}{\376\377\0003\000.\0002\000.\0002\000.\0002\000\040\000b\000u\000t}{subsection.3.2.2}% 19
\BOOKMARK [3][-]{subsubsection.3.2.2.3}{\376\377\0003\000.\0002\000.\0002\000.\0003\000\040\000f\000i\000n\000i\000s\000h}{subsection.3.2.2}% 20
\BOOKMARK [3][-]{subsubsection.3.2.2.4}{\376\377\0003\000.\0002\000.\0002\000.\0004\000\040\000f\000o\000n\000t}{subsection.3.2.2}% 21
\BOOKMARK [3][-]{subsubsection.3.2.2.5}{\376\377\0003\000.\0002\000.\0002\000.\0005\000\040\000m\000e\000t\000e\000o\000r\000i\000t\000e}{subsection.3.2.2}% 22
\BOOKMARK [3][-]{subsubsection.3.2.2.6}{\376\377\0003\000.\0002\000.\0002\000.\0006\000\040\000m\000i\000s\000s\000i\000l\000e}{subsection.3.2.2}% 23
\BOOKMARK [3][-]{subsubsection.3.2.2.7}{\376\377\0003\000.\0002\000.\0002\000.\0007\000\040\000m\000u\000s\000i\000c}{subsection.3.2.2}% 24
\BOOKMARK [3][-]{subsubsection.3.2.2.8}{\376\377\0003\000.\0002\000.\0002\000.\0008\000\040\000s\000o\000u\000n\000d\000\137\000e\000x\000p\000l\000o\000s\000i\000o\000n}{subsection.3.2.2}% 25
\BOOKMARK [3][-]{subsubsection.3.2.2.9}{\376\377\0003\000.\0002\000.\0002\000.\0009\000\040\000s\000o\000u\000n\000d\000\137\000l\000o\000s\000e}{subsection.3.2.2}% 26
\BOOKMARK [3][-]{subsubsection.3.2.2.10}{\376\377\0003\000.\0002\000.\0002\000.\0001\0000\000\040\000s\000o\000u\000n\000d\000\137\000m\000i\000n\000i\000\137\000e\000x\000p\000l\000o\000s\000i\000o\000n}{subsection.3.2.2}% 27
\BOOKMARK [3][-]{subsubsection.3.2.2.11}{\376\377\0003\000.\0002\000.\0002\000.\0001\0001\000\040\000s\000o\000u\000n\000d\000\137\000m\000i\000n\000i\000\137\000w\000i\000n}{subsection.3.2.2}% 28
\BOOKMARK [3][-]{subsubsection.3.2.2.12}{\376\377\0003\000.\0002\000.\0002\000.\0001\0002\000\040\000s\000o\000u\000n\000d\000\137\000w\000i\000n}{subsection.3.2.2}% 29
\BOOKMARK [3][-]{subsubsection.3.2.2.13}{\376\377\0003\000.\0002\000.\0002\000.\0001\0003\000\040\000s\000p\000a\000c\000e\000s\000h\000i\000p}{subsection.3.2.2}% 30
\BOOKMARK [1][-]{section.3.3}{\376\377\0003\000.\0003\000\040\000w\000o\000r\000l\000d\000\137\000s\000\040\000S\000t\000r\000u\000c\000t\000\040\000R\000e\000f\000e\000r\000e\000n\000c\000e}{chapter.3}% 31
\BOOKMARK [2][-]{subsection.3.3.1}{\376\377\0003\000.\0003\000.\0001\000\040\000D\000e\000t\000a\000i\000l\000e\000d\000\040\000D\000e\000s\000c\000r\000i\000p\000t\000i\000o\000n}{section.3.3}% 32
\BOOKMARK [2][-]{subsection.3.3.2}{\376\377\0003\000.\0003\000.\0002\000\040\000M\000e\000m\000b\000e\000r\000\040\000D\000a\000t\000a\000\040\000D\000o\000c\000u\000m\000e\000n\000t\000a\000t\000i\000o\000n}{section.3.3}% 33
\BOOKMARK [3][-]{subsubsection.3.3.2.1}{\376\377\0003\000.\0003\000.\0002\000.\0001\000\040\000b\000u\000t}{subsection.3.3.2}% 34
\BOOKMARK [3][-]{subsubsection.3.3.2.2}{\376\377\0003\000.\0003\000.\0002\000.\0002\000\040\000c\000o\000l\000l\000i\000s\000i\000o\000n\000\137\000b\000u\000t}{subsection.3.3.2}% 35
\BOOKMARK [3][-]{subsubsection.3.3.2.3}{\376\377\0003\000.\0003\000.\0002\000.\0003\000\040\000c\000o\000m\000p\000t\000e\000u\000r\000\137\000m\000i\000s\000s\000i\000l\000e\000\137\000m\000a\000x}{subsection.3.3.2}% 36
\BOOKMARK [3][-]{subsubsection.3.3.2.4}{\376\377\0003\000.\0003\000.\0002\000.\0004\000\040\000d\000e\000b\000u\000t\000\137\000t\000e\000m\000p\000s}{subsection.3.3.2}% 37
\BOOKMARK [3][-]{subsubsection.3.3.2.5}{\376\377\0003\000.\0003\000.\0002\000.\0005\000\040\000f\000i\000n\000i\000s\000h\000\137\000l\000i\000n\000e}{subsection.3.3.2}% 38
\BOOKMARK [3][-]{subsubsection.3.3.2.6}{\376\377\0003\000.\0003\000.\0002\000.\0006\000\040\000g\000a\000m\000e\000o\000v\000e\000r}{subsection.3.3.2}% 39
\BOOKMARK [3][-]{subsubsection.3.3.2.7}{\376\377\0003\000.\0003\000.\0002\000.\0007\000\040\000m\000e\000s\000s\000a\000g\000e\000\137\000f\000i\000n\000a\000l}{subsection.3.3.2}% 40
\BOOKMARK [3][-]{subsubsection.3.3.2.8}{\376\377\0003\000.\0003\000.\0002\000.\0008\000\040\000m\000i\000s\000s\000i\000l\000e}{subsection.3.3.2}% 41
\BOOKMARK [3][-]{subsubsection.3.3.2.9}{\376\377\0003\000.\0003\000.\0002\000.\0009\000\040\000s\000p\000r\000i\000t\000e}{subsection.3.3.2}% 42
\BOOKMARK [3][-]{subsubsection.3.3.2.10}{\376\377\0003\000.\0003\000.\0002\000.\0001\0000\000\040\000s\000t\000o\000p}{subsection.3.3.2}% 43
\BOOKMARK [3][-]{subsubsection.3.3.2.11}{\376\377\0003\000.\0003\000.\0002\000.\0001\0001\000\040\000t\000e\000m\000p\000s\000\137\000f\000i\000n\000a\000l}{subsection.3.3.2}% 44
\BOOKMARK [3][-]{subsubsection.3.3.2.12}{\376\377\0003\000.\0003\000.\0002\000.\0001\0002\000\040\000v\000y}{subsection.3.3.2}% 45
\BOOKMARK [3][-]{subsubsection.3.3.2.13}{\376\377\0003\000.\0003\000.\0002\000.\0001\0003\000\040\000w\000a\000l\000l\000s}{subsection.3.3.2}% 46
\BOOKMARK [0][-]{chapter.4}{\376\377\0004\000\040\000F\000i\000l\000e\000\040\000D\000o\000c\000u\000m\000e\000n\000t\000a\000t\000i\000o\000n}{}% 47
\BOOKMARK [1][-]{section.4.1}{\376\377\0004\000.\0001\000\040\000c\000o\000n\000s\000t\000a\000n\000t\000e\000s\000.\000h\000\040\000F\000i\000l\000e\000\040\000R\000e\000f\000e\000r\000e\000n\000c\000e}{chapter.4}% 48
\BOOKMARK [1][-]{section.4.2}{\376\377\0004\000.\0002\000\040\000c\000o\000n\000s\000t\000a\000n\000t\000e\000s\000.\000h}{chapter.4}% 49
\BOOKMARK [1][-]{section.4.3}{\376\377\0004\000.\0003\000\040\000g\000r\000a\000p\000h\000i\000q\000u\000e\000s\000.\000c\000\040\000F\000i\000l\000e\000\040\000R\000e\000f\000e\000r\000e\000n\000c\000e}{chapter.4}% 50
\BOOKMARK [2][-]{subsection.4.3.1}{\376\377\0004\000.\0003\000.\0001\000\040\000D\000e\000t\000a\000i\000l\000e\000d\000\040\000D\000e\000s\000c\000r\000i\000p\000t\000i\000o\000n}{section.4.3}% 51
\BOOKMARK [2][-]{subsection.4.3.2}{\376\377\0004\000.\0003\000.\0002\000\040\000F\000u\000n\000c\000t\000i\000o\000n\000\040\000D\000o\000c\000u\000m\000e\000n\000t\000a\000t\000i\000o\000n}{section.4.3}% 52
\BOOKMARK [3][-]{subsubsection.4.3.2.1}{\376\377\0004\000.\0003\000.\0002\000.\0001\000\040\000a\000p\000p\000l\000y\000\137\000b\000a\000c\000k\000g\000r\000o\000u\000n\000d\000\050\000\051}{subsection.4.3.2}% 53
\BOOKMARK [3][-]{subsubsection.4.3.2.2}{\376\377\0004\000.\0003\000.\0002\000.\0002\000\040\000a\000p\000p\000l\000y\000\137\000s\000p\000r\000i\000t\000e\000\050\000\051}{subsection.4.3.2}% 54
\BOOKMARK [3][-]{subsubsection.4.3.2.3}{\376\377\0004\000.\0003\000.\0002\000.\0003\000\040\000a\000p\000p\000l\000y\000\137\000w\000a\000l\000l\000s\000\050\000\051}{subsection.4.3.2}% 55
\BOOKMARK [3][-]{subsubsection.4.3.2.4}{\376\377\0004\000.\0003\000.\0002\000.\0004\000\040\000c\000l\000e\000a\000n\000\050\000\051}{subsection.4.3.2}% 56
\BOOKMARK [3][-]{subsubsection.4.3.2.5}{\376\377\0004\000.\0003\000.\0002\000.\0005\000\040\000c\000l\000e\000a\000n\000\137\000t\000e\000x\000t\000u\000r\000e\000s\000\050\000\051}{subsection.4.3.2}% 57
\BOOKMARK [3][-]{subsubsection.4.3.2.6}{\376\377\0004\000.\0003\000.\0002\000.\0006\000\040\000i\000f\000\137\000a\000p\000p\000l\000y\000\137\000w\000a\000l\000l\000s\000\050\000\051}{subsection.4.3.2}% 58
\BOOKMARK [3][-]{subsubsection.4.3.2.7}{\376\377\0004\000.\0003\000.\0002\000.\0007\000\040\000i\000n\000i\000t\000\050\000\051}{subsection.4.3.2}% 59
\BOOKMARK [3][-]{subsubsection.4.3.2.8}{\376\377\0004\000.\0003\000.\0002\000.\0008\000\040\000i\000n\000i\000t\000\137\000t\000e\000x\000t\000u\000r\000e\000s\000\050\000\051}{subsection.4.3.2}% 60
\BOOKMARK [3][-]{subsubsection.4.3.2.9}{\376\377\0004\000.\0003\000.\0002\000.\0009\000\040\000r\000e\000f\000r\000e\000s\000h\000\137\000g\000r\000a\000p\000h\000i\000c\000s\000\050\000\051}{subsection.4.3.2}% 61
\BOOKMARK [1][-]{section.4.4}{\376\377\0004\000.\0004\000\040\000g\000r\000a\000p\000h\000i\000q\000u\000e\000s\000.\000h\000\040\000F\000i\000l\000e\000\040\000R\000e\000f\000e\000r\000e\000n\000c\000e}{chapter.4}% 62
\BOOKMARK [2][-]{subsection.4.4.1}{\376\377\0004\000.\0004\000.\0001\000\040\000D\000e\000t\000a\000i\000l\000e\000d\000\040\000D\000e\000s\000c\000r\000i\000p\000t\000i\000o\000n}{section.4.4}% 63
\BOOKMARK [2][-]{subsection.4.4.2}{\376\377\0004\000.\0004\000.\0002\000\040\000F\000u\000n\000c\000t\000i\000o\000n\000\040\000D\000o\000c\000u\000m\000e\000n\000t\000a\000t\000i\000o\000n}{section.4.4}% 64
\BOOKMARK [3][-]{subsubsection.4.4.2.1}{\376\377\0004\000.\0004\000.\0002\000.\0001\000\040\000a\000p\000p\000l\000y\000\137\000b\000a\000c\000k\000g\000r\000o\000u\000n\000d\000\050\000\051}{subsection.4.4.2}% 65
\BOOKMARK [3][-]{subsubsection.4.4.2.2}{\376\377\0004\000.\0004\000.\0002\000.\0002\000\040\000a\000p\000p\000l\000y\000\137\000s\000p\000r\000i\000t\000e\000\050\000\051}{subsection.4.4.2}% 66
\BOOKMARK [3][-]{subsubsection.4.4.2.3}{\376\377\0004\000.\0004\000.\0002\000.\0003\000\040\000a\000p\000p\000l\000y\000\137\000w\000a\000l\000l\000s\000\050\000\051}{subsection.4.4.2}% 67
\BOOKMARK [3][-]{subsubsection.4.4.2.4}{\376\377\0004\000.\0004\000.\0002\000.\0004\000\040\000c\000l\000e\000a\000n\000\050\000\051}{subsection.4.4.2}% 68
\BOOKMARK [3][-]{subsubsection.4.4.2.5}{\376\377\0004\000.\0004\000.\0002\000.\0005\000\040\000c\000l\000e\000a\000n\000\137\000t\000e\000x\000t\000u\000r\000e\000s\000\050\000\051}{subsection.4.4.2}% 69
\BOOKMARK [3][-]{subsubsection.4.4.2.6}{\376\377\0004\000.\0004\000.\0002\000.\0006\000\040\000i\000f\000\137\000a\000p\000p\000l\000y\000\137\000w\000a\000l\000l\000s\000\050\000\051}{subsection.4.4.2}% 70
\BOOKMARK [3][-]{subsubsection.4.4.2.7}{\376\377\0004\000.\0004\000.\0002\000.\0007\000\040\000i\000n\000i\000t\000\050\000\051}{subsection.4.4.2}% 71
\BOOKMARK [3][-]{subsubsection.4.4.2.8}{\376\377\0004\000.\0004\000.\0002\000.\0008\000\040\000i\000n\000i\000t\000\137\000t\000e\000x\000t\000u\000r\000e\000s\000\050\000\051}{subsection.4.4.2}% 72
\BOOKMARK [3][-]{subsubsection.4.4.2.9}{\376\377\0004\000.\0004\000.\0002\000.\0009\000\040\000r\000e\000f\000r\000e\000s\000h\000\137\000g\000r\000a\000p\000h\000i\000c\000s\000\050\000\051}{subsection.4.4.2}% 73
\BOOKMARK [1][-]{section.4.5}{\376\377\0004\000.\0005\000\040\000g\000r\000a\000p\000h\000i\000q\000u\000e\000s\000.\000h}{chapter.4}% 74
\BOOKMARK [1][-]{section.4.6}{\376\377\0004\000.\0006\000\040\000m\000a\000i\000n\000.\000c\000\040\000F\000i\000l\000e\000\040\000R\000e\000f\000e\000r\000e\000n\000c\000e}{chapter.4}% 75
\BOOKMARK [2][-]{subsection.4.6.1}{\376\377\0004\000.\0006\000.\0001\000\040\000D\000e\000t\000a\000i\000l\000e\000d\000\040\000D\000e\000s\000c\000r\000i\000p\000t\000i\000o\000n}{section.4.6}% 76
\BOOKMARK [1][-]{section.4.7}{\376\377\0004\000.\0007\000\040\000s\000d\000l\0002\000-\000l\000i\000g\000h\000t\000.\000c\000\040\000F\000i\000l\000e\000\040\000R\000e\000f\000e\000r\000e\000n\000c\000e}{chapter.4}% 77
\BOOKMARK [2][-]{subsection.4.7.1}{\376\377\0004\000.\0007\000.\0001\000\040\000D\000e\000t\000a\000i\000l\000e\000d\000\040\000D\000e\000s\000c\000r\000i\000p\000t\000i\000o\000n}{section.4.7}% 78
\BOOKMARK [2][-]{subsection.4.7.2}{\376\377\0004\000.\0007\000.\0002\000\040\000F\000u\000n\000c\000t\000i\000o\000n\000\040\000D\000o\000c\000u\000m\000e\000n\000t\000a\000t\000i\000o\000n}{section.4.7}% 79
\BOOKMARK [3][-]{subsubsection.4.7.2.1}{\376\377\0004\000.\0007\000.\0002\000.\0001\000\040\000a\000p\000p\000l\000y\000\137\000t\000e\000x\000t\000u\000r\000e\000\050\000\051}{subsection.4.7.2}% 80
\BOOKMARK [3][-]{subsubsection.4.7.2.2}{\376\377\0004\000.\0007\000.\0002\000.\0002\000\040\000c\000l\000e\000a\000n\000\137\000c\000h\000u\000n\000k\000\050\000\051}{subsection.4.7.2}% 81
\BOOKMARK [3][-]{subsubsection.4.7.2.3}{\376\377\0004\000.\0007\000.\0002\000.\0003\000\040\000c\000l\000e\000a\000n\000\137\000m\000u\000s\000i\000c\000\050\000\051}{subsection.4.7.2}% 82
\BOOKMARK [3][-]{subsubsection.4.7.2.4}{\376\377\0004\000.\0007\000.\0002\000.\0004\000\040\000c\000l\000e\000a\000n\000\137\000s\000d\000l\000\050\000\051}{subsection.4.7.2}% 83
\BOOKMARK [3][-]{subsubsection.4.7.2.5}{\376\377\0004\000.\0007\000.\0002\000.\0005\000\040\000c\000l\000e\000a\000n\000\137\000t\000e\000x\000t\000u\000r\000e\000\050\000\051}{subsection.4.7.2}% 84
\BOOKMARK [3][-]{subsubsection.4.7.2.6}{\376\377\0004\000.\0007\000.\0002\000.\0006\000\040\000c\000l\000e\000a\000r\000\137\000r\000e\000n\000d\000e\000r\000e\000r\000\050\000\051}{subsection.4.7.2}% 85
\BOOKMARK [3][-]{subsubsection.4.7.2.7}{\376\377\0004\000.\0007\000.\0002\000.\0007\000\040\000i\000n\000i\000t\000\137\000s\000d\000l\000\050\000\051}{subsection.4.7.2}% 86
\BOOKMARK [3][-]{subsubsection.4.7.2.8}{\376\377\0004\000.\0007\000.\0002\000.\0008\000\040\000l\000o\000a\000d\000\137\000i\000m\000a\000g\000e\000\050\000\051}{subsection.4.7.2}% 87
\BOOKMARK [3][-]{subsubsection.4.7.2.9}{\376\377\0004\000.\0007\000.\0002\000.\0009\000\040\000p\000a\000u\000s\000e\000\050\000\051}{subsection.4.7.2}% 88
\BOOKMARK [3][-]{subsubsection.4.7.2.10}{\376\377\0004\000.\0007\000.\0002\000.\0001\0000\000\040\000u\000p\000d\000a\000t\000e\000\137\000s\000c\000r\000e\000e\000n\000\050\000\051}{subsection.4.7.2}% 89
\BOOKMARK [1][-]{section.4.8}{\376\377\0004\000.\0008\000\040\000s\000d\000l\0002\000-\000l\000i\000g\000h\000t\000.\000h\000\040\000F\000i\000l\000e\000\040\000R\000e\000f\000e\000r\000e\000n\000c\000e}{chapter.4}% 90
\BOOKMARK [2][-]{subsection.4.8.1}{\376\377\0004\000.\0008\000.\0001\000\040\000D\000e\000t\000a\000i\000l\000e\000d\000\040\000D\000e\000s\000c\000r\000i\000p\000t\000i\000o\000n}{section.4.8}% 91
\BOOKMARK [2][-]{subsection.4.8.2}{\376\377\0004\000.\0008\000.\0002\000\040\000F\000u\000n\000c\000t\000i\000o\000n\000\040\000D\000o\000c\000u\000m\000e\000n\000t\000a\000t\000i\000o\000n}{section.4.8}% 92
\BOOKMARK [3][-]{subsubsection.4.8.2.1}{\376\377\0004\000.\0008\000.\0002\000.\0001\000\040\000a\000p\000p\000l\000y\000\137\000t\000e\000x\000t\000u\000r\000e\000\050\000\051}{subsection.4.8.2}% 93
\BOOKMARK [3][-]{subsubsection.4.8.2.2}{\376\377\0004\000.\0008\000.\0002\000.\0002\000\040\000c\000l\000e\000a\000n\000\137\000c\000h\000u\000n\000k\000\050\000\051}{subsection.4.8.2}% 94
\BOOKMARK [3][-]{subsubsection.4.8.2.3}{\376\377\0004\000.\0008\000.\0002\000.\0003\000\040\000c\000l\000e\000a\000n\000\137\000m\000u\000s\000i\000c\000\050\000\051}{subsection.4.8.2}% 95
\BOOKMARK [3][-]{subsubsection.4.8.2.4}{\376\377\0004\000.\0008\000.\0002\000.\0004\000\040\000c\000l\000e\000a\000n\000\137\000s\000d\000l\000\050\000\051}{subsection.4.8.2}% 96
\BOOKMARK [3][-]{subsubsection.4.8.2.5}{\376\377\0004\000.\0008\000.\0002\000.\0005\000\040\000c\000l\000e\000a\000n\000\137\000t\000e\000x\000t\000u\000r\000e\000\050\000\051}{subsection.4.8.2}% 97
\BOOKMARK [3][-]{subsubsection.4.8.2.6}{\376\377\0004\000.\0008\000.\0002\000.\0006\000\040\000c\000l\000e\000a\000r\000\137\000r\000e\000n\000d\000e\000r\000e\000r\000\050\000\051}{subsection.4.8.2}% 98
\BOOKMARK [3][-]{subsubsection.4.8.2.7}{\376\377\0004\000.\0008\000.\0002\000.\0007\000\040\000i\000n\000i\000t\000\137\000s\000d\000l\000\050\000\051}{subsection.4.8.2}% 99
\BOOKMARK [3][-]{subsubsection.4.8.2.8}{\376\377\0004\000.\0008\000.\0002\000.\0008\000\040\000l\000o\000a\000d\000\137\000i\000m\000a\000g\000e\000\050\000\051}{subsection.4.8.2}% 100
\BOOKMARK [3][-]{subsubsection.4.8.2.9}{\376\377\0004\000.\0008\000.\0002\000.\0009\000\040\000p\000a\000u\000s\000e\000\050\000\051}{subsection.4.8.2}% 101
\BOOKMARK [3][-]{subsubsection.4.8.2.10}{\376\377\0004\000.\0008\000.\0002\000.\0001\0000\000\040\000u\000p\000d\000a\000t\000e\000\137\000s\000c\000r\000e\000e\000n\000\050\000\051}{subsection.4.8.2}% 102
\BOOKMARK [1][-]{section.4.9}{\376\377\0004\000.\0009\000\040\000s\000d\000l\0002\000-\000l\000i\000g\000h\000t\000.\000h}{chapter.4}% 103
\BOOKMARK [1][-]{section.4.10}{\376\377\0004\000.\0001\0000\000\040\000s\000d\000l\0002\000-\000t\000t\000f\000-\000l\000i\000g\000h\000t\000.\000c\000\040\000F\000i\000l\000e\000\040\000R\000e\000f\000e\000r\000e\000n\000c\000e}{chapter.4}% 104
\BOOKMARK [2][-]{subsection.4.10.1}{\376\377\0004\000.\0001\0000\000.\0001\000\040\000D\000e\000t\000a\000i\000l\000e\000d\000\040\000D\000e\000s\000c\000r\000i\000p\000t\000i\000o\000n}{section.4.10}% 105
\BOOKMARK [2][-]{subsection.4.10.2}{\376\377\0004\000.\0001\0000\000.\0002\000\040\000F\000u\000n\000c\000t\000i\000o\000n\000\040\000D\000o\000c\000u\000m\000e\000n\000t\000a\000t\000i\000o\000n}{section.4.10}% 106
\BOOKMARK [3][-]{subsubsection.4.10.2.1}{\376\377\0004\000.\0001\0000\000.\0002\000.\0001\000\040\000a\000p\000p\000l\000y\000\137\000t\000e\000x\000t\000\050\000\051}{subsection.4.10.2}% 107
\BOOKMARK [3][-]{subsubsection.4.10.2.2}{\376\377\0004\000.\0001\0000\000.\0002\000.\0002\000\040\000c\000l\000e\000a\000n\000\137\000f\000o\000n\000t\000\050\000\051}{subsection.4.10.2}% 108
\BOOKMARK [3][-]{subsubsection.4.10.2.3}{\376\377\0004\000.\0001\0000\000.\0002\000.\0003\000\040\000l\000o\000a\000d\000\137\000f\000o\000n\000t\000\050\000\051}{subsection.4.10.2}% 109
\BOOKMARK [1][-]{section.4.11}{\376\377\0004\000.\0001\0001\000\040\000s\000d\000l\0002\000-\000t\000t\000f\000-\000l\000i\000g\000h\000t\000.\000h\000\040\000F\000i\000l\000e\000\040\000R\000e\000f\000e\000r\000e\000n\000c\000e}{chapter.4}% 110
\BOOKMARK [2][-]{subsection.4.11.1}{\376\377\0004\000.\0001\0001\000.\0001\000\040\000D\000e\000t\000a\000i\000l\000e\000d\000\040\000D\000e\000s\000c\000r\000i\000p\000t\000i\000o\000n}{section.4.11}% 111
\BOOKMARK [2][-]{subsection.4.11.2}{\376\377\0004\000.\0001\0001\000.\0002\000\040\000F\000u\000n\000c\000t\000i\000o\000n\000\040\000D\000o\000c\000u\000m\000e\000n\000t\000a\000t\000i\000o\000n}{section.4.11}% 112
\BOOKMARK [3][-]{subsubsection.4.11.2.1}{\376\377\0004\000.\0001\0001\000.\0002\000.\0001\000\040\000a\000p\000p\000l\000y\000\137\000t\000e\000x\000t\000\050\000\051}{subsection.4.11.2}% 113
\BOOKMARK [3][-]{subsubsection.4.11.2.2}{\376\377\0004\000.\0001\0001\000.\0002\000.\0002\000\040\000c\000l\000e\000a\000n\000\137\000f\000o\000n\000t\000\050\000\051}{subsection.4.11.2}% 114
\BOOKMARK [3][-]{subsubsection.4.11.2.3}{\376\377\0004\000.\0001\0001\000.\0002\000.\0003\000\040\000l\000o\000a\000d\000\137\000f\000o\000n\000t\000\050\000\051}{subsection.4.11.2}% 115
\BOOKMARK [1][-]{section.4.12}{\376\377\0004\000.\0001\0002\000\040\000s\000d\000l\0002\000-\000t\000t\000f\000-\000l\000i\000g\000h\000t\000.\000h}{chapter.4}% 116
\BOOKMARK [1][-]{section.4.13}{\376\377\0004\000.\0001\0003\000\040\000w\000o\000r\000l\000d\000.\000c\000\040\000F\000i\000l\000e\000\040\000R\000e\000f\000e\000r\000e\000n\000c\000e}{chapter.4}% 117
\BOOKMARK [2][-]{subsection.4.13.1}{\376\377\0004\000.\0001\0003\000.\0001\000\040\000D\000e\000t\000a\000i\000l\000e\000d\000\040\000D\000e\000s\000c\000r\000i\000p\000t\000i\000o\000n}{section.4.13}% 118
\BOOKMARK [2][-]{subsection.4.13.2}{\376\377\0004\000.\0001\0003\000.\0002\000\040\000F\000u\000n\000c\000t\000i\000o\000n\000\040\000D\000o\000c\000u\000m\000e\000n\000t\000a\000t\000i\000o\000n}{section.4.13}% 119
\BOOKMARK [3][-]{subsubsection.4.13.2.1}{\376\377\0004\000.\0001\0003\000.\0002\000.\0001\000\040\000c\000l\000e\000a\000n\000\137\000d\000a\000t\000a\000\050\000\051}{subsection.4.13.2}% 120
\BOOKMARK [3][-]{subsubsection.4.13.2.2}{\376\377\0004\000.\0001\0003\000.\0002\000.\0002\000\040\000h\000a\000n\000d\000l\000e\000\137\000e\000v\000e\000n\000t\000s\000\050\000\051}{subsection.4.13.2}% 121
\BOOKMARK [3][-]{subsubsection.4.13.2.3}{\376\377\0004\000.\0001\0003\000.\0002\000.\0003\000\040\000h\000a\000n\000d\000l\000e\000\137\000s\000p\000r\000i\000t\000e\000s\000\137\000c\000o\000l\000l\000i\000s\000i\000o\000n\000\050\000\051}{subsection.4.13.2}% 122
\BOOKMARK [3][-]{subsubsection.4.13.2.4}{\376\377\0004\000.\0001\0003\000.\0002\000.\0004\000\040\000i\000n\000i\000t\000\137\000d\000a\000t\000a\000\050\000\051}{subsection.4.13.2}% 123
\BOOKMARK [3][-]{subsubsection.4.13.2.5}{\376\377\0004\000.\0001\0003\000.\0002\000.\0005\000\040\000i\000n\000i\000t\000\137\000s\000p\000r\000i\000t\000e\000\050\000\051}{subsection.4.13.2}% 124
\BOOKMARK [3][-]{subsubsection.4.13.2.6}{\376\377\0004\000.\0001\0003\000.\0002\000.\0006\000\040\000i\000n\000i\000t\000\137\000w\000a\000l\000l\000s\000\050\000\051}{subsection.4.13.2}% 125
\BOOKMARK [3][-]{subsubsection.4.13.2.7}{\376\377\0004\000.\0001\0003\000.\0002\000.\0007\000\040\000i\000s\000\137\000g\000a\000m\000e\000\137\000o\000v\000e\000r\000\050\000\051}{subsection.4.13.2}% 126
\BOOKMARK [3][-]{subsubsection.4.13.2.8}{\376\377\0004\000.\0001\0003\000.\0002\000.\0008\000\040\000p\000r\000i\000n\000t\000\137\000s\000p\000r\000i\000n\000t\000\050\000\051}{subsection.4.13.2}% 127
\BOOKMARK [3][-]{subsubsection.4.13.2.9}{\376\377\0004\000.\0001\0003\000.\0002\000.\0009\000\040\000s\000p\000r\000i\000t\000e\000s\000\137\000c\000o\000l\000l\000i\000d\000e\000\050\000\051}{subsection.4.13.2}% 128
\BOOKMARK [3][-]{subsubsection.4.13.2.10}{\376\377\0004\000.\0001\0003\000.\0002\000.\0001\0000\000\040\000t\000i\000r\000\137\000m\000i\000s\000s\000i\000l\000e\000\050\000\051}{subsection.4.13.2}% 129
\BOOKMARK [3][-]{subsubsection.4.13.2.11}{\376\377\0004\000.\0001\0003\000.\0002\000.\0001\0001\000\040\000u\000p\000d\000a\000t\000e\000\137\000d\000a\000t\000a\000\050\000\051}{subsection.4.13.2}% 130
\BOOKMARK [3][-]{subsubsection.4.13.2.12}{\376\377\0004\000.\0001\0003\000.\0002\000.\0001\0002\000\040\000u\000p\000d\000a\000t\000e\000\137\000w\000a\000l\000l\000s\000\050\000\051}{subsection.4.13.2}% 131
\BOOKMARK [3][-]{subsubsection.4.13.2.13}{\376\377\0004\000.\0001\0003\000.\0002\000.\0001\0003\000\040\000v\000e\000r\000i\000f\000\137\000m\000a\000r\000g\000e\000\050\000\051}{subsection.4.13.2}% 132
\BOOKMARK [1][-]{section.4.14}{\376\377\0004\000.\0001\0004\000\040\000w\000o\000r\000l\000d\000.\000h\000\040\000F\000i\000l\000e\000\040\000R\000e\000f\000e\000r\000e\000n\000c\000e}{chapter.4}% 133
\BOOKMARK [2][-]{subsection.4.14.1}{\376\377\0004\000.\0001\0004\000.\0001\000\040\000D\000e\000t\000a\000i\000l\000e\000d\000\040\000D\000e\000s\000c\000r\000i\000p\000t\000i\000o\000n}{section.4.14}% 134
\BOOKMARK [2][-]{subsection.4.14.2}{\376\377\0004\000.\0001\0004\000.\0002\000\040\000F\000u\000n\000c\000t\000i\000o\000n\000\040\000D\000o\000c\000u\000m\000e\000n\000t\000a\000t\000i\000o\000n}{section.4.14}% 135
\BOOKMARK [3][-]{subsubsection.4.14.2.1}{\376\377\0004\000.\0001\0004\000.\0002\000.\0001\000\040\000c\000l\000e\000a\000n\000\137\000d\000a\000t\000a\000\050\000\051}{subsection.4.14.2}% 136
\BOOKMARK [3][-]{subsubsection.4.14.2.2}{\376\377\0004\000.\0001\0004\000.\0002\000.\0002\000\040\000h\000a\000n\000d\000l\000e\000\137\000e\000v\000e\000n\000t\000s\000\050\000\051}{subsection.4.14.2}% 137
\BOOKMARK [3][-]{subsubsection.4.14.2.3}{\376\377\0004\000.\0001\0004\000.\0002\000.\0003\000\040\000h\000a\000n\000d\000l\000e\000\137\000s\000p\000r\000i\000t\000e\000s\000\137\000c\000o\000l\000l\000i\000s\000i\000o\000n\000\050\000\051}{subsection.4.14.2}% 138
\BOOKMARK [3][-]{subsubsection.4.14.2.4}{\376\377\0004\000.\0001\0004\000.\0002\000.\0004\000\040\000i\000n\000i\000t\000\137\000d\000a\000t\000a\000\050\000\051}{subsection.4.14.2}% 139
\BOOKMARK [3][-]{subsubsection.4.14.2.5}{\376\377\0004\000.\0001\0004\000.\0002\000.\0005\000\040\000i\000n\000i\000t\000\137\000s\000p\000r\000i\000t\000e\000\050\000\051}{subsection.4.14.2}% 140
\BOOKMARK [3][-]{subsubsection.4.14.2.6}{\376\377\0004\000.\0001\0004\000.\0002\000.\0006\000\040\000i\000n\000i\000t\000\137\000w\000a\000l\000l\000s\000\050\000\051}{subsection.4.14.2}% 141
\BOOKMARK [3][-]{subsubsection.4.14.2.7}{\376\377\0004\000.\0001\0004\000.\0002\000.\0007\000\040\000i\000s\000\137\000g\000a\000m\000e\000\137\000o\000v\000e\000r\000\050\000\051}{subsection.4.14.2}% 142
\BOOKMARK [3][-]{subsubsection.4.14.2.8}{\376\377\0004\000.\0001\0004\000.\0002\000.\0008\000\040\000p\000r\000i\000n\000t\000\137\000s\000p\000r\000i\000n\000t\000\050\000\051}{subsection.4.14.2}% 143
\BOOKMARK [3][-]{subsubsection.4.14.2.9}{\376\377\0004\000.\0001\0004\000.\0002\000.\0009\000\040\000s\000p\000r\000i\000t\000e\000s\000\137\000c\000o\000l\000l\000i\000d\000e\000\050\000\051}{subsection.4.14.2}% 144
\BOOKMARK [3][-]{subsubsection.4.14.2.10}{\376\377\0004\000.\0001\0004\000.\0002\000.\0001\0000\000\040\000t\000i\000r\000\137\000m\000i\000s\000s\000i\000l\000e\000\050\000\051}{subsection.4.14.2}% 145
\BOOKMARK [3][-]{subsubsection.4.14.2.11}{\376\377\0004\000.\0001\0004\000.\0002\000.\0001\0001\000\040\000u\000p\000d\000a\000t\000e\000\137\000d\000a\000t\000a\000\050\000\051}{subsection.4.14.2}% 146
\BOOKMARK [3][-]{subsubsection.4.14.2.12}{\376\377\0004\000.\0001\0004\000.\0002\000.\0001\0002\000\040\000u\000p\000d\000a\000t\000e\000\137\000w\000a\000l\000l\000s\000\050\000\051}{subsection.4.14.2}% 147
\BOOKMARK [3][-]{subsubsection.4.14.2.13}{\376\377\0004\000.\0001\0004\000.\0002\000.\0001\0003\000\040\000v\000e\000r\000i\000f\000\137\000m\000a\000r\000g\000e\000\050\000\051}{subsection.4.14.2}% 148
\BOOKMARK [1][-]{section.4.15}{\376\377\0004\000.\0001\0005\000\040\000w\000o\000r\000l\000d\000.\000h}{chapter.4}% 149
\BOOKMARK [0][-]{section*.17}{\376\377\000I\000n\000d\000e\000x}{}% 150
